2024/04/12 12:33:07 [notice] 1#1: using the "epoll" event method
2024/04/12 12:33:07 [notice] 1#1: nginx/1.25.4
2024/04/12 12:33:07 [notice] 1#1: built by gcc 12.2.1 20220924 (Alpine 12.2.1_git20220924-r10) 
2024/04/12 12:33:07 [notice] 1#1: OS: Linux 6.6.16-linuxkit
2024/04/12 12:33:07 [notice] 1#1: getrlimit(RLIMIT_NOFILE): 1048576:1048576
2024/04/12 12:33:07 [notice] 1#1: start worker processes
2024/04/12 12:33:07 [notice] 1#1: start worker process 30
2024/04/12 12:33:07 [notice] 1#1: start worker process 31
2024/04/12 12:33:07 [notice] 1#1: start worker process 32
2024/04/12 12:33:07 [notice] 1#1: start worker process 33
2024/04/12 12:33:07 [notice] 1#1: start worker process 34
2024/04/12 12:33:07 [notice] 1#1: start worker process 35
2024/04/12 12:33:07 [notice] 1#1: start worker process 36
2024/04/12 12:33:07 [notice] 1#1: start worker process 37
2024/04/12 12:34:09 [notice] 1#1: signal 3 (SIGQUIT) received, shutting down
2024/04/12 12:34:09 [notice] 31#31: gracefully shutting down
2024/04/12 12:34:09 [notice] 34#34: gracefully shutting down
2024/04/12 12:34:09 [notice] 37#37: gracefully shutting down
2024/04/12 12:34:09 [notice] 33#33: gracefully shutting down
2024/04/12 12:34:09 [notice] 32#32: gracefully shutting down
2024/04/12 12:34:09 [notice] 30#30: gracefully shutting down
2024/04/12 12:34:09 [notice] 31#31: exiting
2024/04/12 12:34:09 [notice] 36#36: gracefully shutting down
2024/04/12 12:34:09 [notice] 35#35: gracefully shutting down
2024/04/12 12:34:09 [notice] 34#34: exiting
2024/04/12 12:34:09 [notice] 36#36: exiting
2024/04/12 12:34:09 [notice] 37#37: exiting
2024/04/12 12:34:09 [notice] 37#37: exit
2024/04/12 12:34:09 [notice] 33#33: exiting
2024/04/12 12:34:09 [notice] 32#32: exiting
2024/04/12 12:34:09 [notice] 30#30: exiting
2024/04/12 12:34:09 [notice] 31#31: exit
2024/04/12 12:34:09 [notice] 35#35: exiting
2024/04/12 12:34:09 [notice] 34#34: exit
2024/04/12 12:34:09 [notice] 36#36: exit
2024/04/12 12:34:09 [notice] 33#33: exit
2024/04/12 12:34:09 [notice] 32#32: exit
2024/04/12 12:34:09 [notice] 30#30: exit
2024/04/12 12:34:09 [notice] 35#35: exit
2024/04/12 12:34:10 [notice] 1#1: signal 17 (SIGCHLD) received from 31
2024/04/12 12:34:10 [notice] 1#1: worker process 30 exited with code 0
2024/04/12 12:34:10 [notice] 1#1: worker process 31 exited with code 0
2024/04/12 12:34:10 [notice] 1#1: worker process 32 exited with code 0
2024/04/12 12:34:10 [notice] 1#1: worker process 34 exited with code 0
2024/04/12 12:34:10 [notice] 1#1: worker process 36 exited with code 0
2024/04/12 12:34:10 [notice] 1#1: worker process 37 exited with code 0
2024/04/12 12:34:10 [notice] 1#1: signal 29 (SIGIO) received
2024/04/12 12:34:10 [notice] 1#1: signal 17 (SIGCHLD) received from 36
2024/04/12 12:34:10 [notice] 1#1: signal 17 (SIGCHLD) received from 35
2024/04/12 12:34:10 [notice] 1#1: worker process 33 exited with code 0
2024/04/12 12:34:10 [notice] 1#1: worker process 35 exited with code 0
2024/04/12 12:34:10 [notice] 1#1: exit
2024/04/12 12:34:10 [notice] 1#1: using the "epoll" event method
2024/04/12 12:34:10 [notice] 1#1: nginx/1.25.4
2024/04/12 12:34:10 [notice] 1#1: built by gcc 12.2.1 20220924 (Alpine 12.2.1_git20220924-r10) 
2024/04/12 12:34:10 [notice] 1#1: OS: Linux 6.6.16-linuxkit
2024/04/12 12:34:10 [notice] 1#1: getrlimit(RLIMIT_NOFILE): 1048576:1048576
2024/04/12 12:34:10 [notice] 1#1: start worker processes
2024/04/12 12:34:10 [notice] 1#1: start worker process 22
2024/04/12 12:34:10 [notice] 1#1: start worker process 23
2024/04/12 12:34:10 [notice] 1#1: start worker process 24
2024/04/12 12:34:10 [notice] 1#1: start worker process 25
2024/04/12 12:34:10 [notice] 1#1: start worker process 26
2024/04/12 12:34:10 [notice] 1#1: start worker process 27
2024/04/12 12:34:10 [notice] 1#1: start worker process 28
2024/04/12 12:34:10 [notice] 1#1: start worker process 29
2024/04/12 12:43:21 [notice] 1#1: signal 3 (SIGQUIT) received, shutting down
2024/04/12 12:43:21 [notice] 24#24: gracefully shutting down
2024/04/12 12:43:21 [notice] 24#24: exiting
2024/04/12 12:43:21 [notice] 28#28: gracefully shutting down
2024/04/12 12:43:21 [notice] 29#29: gracefully shutting down
2024/04/12 12:43:21 [notice] 29#29: exiting
2024/04/12 12:43:21 [notice] 22#22: gracefully shutting down
2024/04/12 12:43:21 [notice] 23#23: gracefully shutting down
2024/04/12 12:43:21 [notice] 25#25: gracefully shutting down
2024/04/12 12:43:21 [notice] 27#27: gracefully shutting down
2024/04/12 12:43:21 [notice] 27#27: exiting
2024/04/12 12:43:21 [notice] 26#26: gracefully shutting down
2024/04/12 12:43:21 [notice] 24#24: exit
2024/04/12 12:43:21 [notice] 28#28: exiting
2024/04/12 12:43:21 [notice] 29#29: exit
2024/04/12 12:43:21 [notice] 22#22: exiting
2024/04/12 12:43:21 [notice] 22#22: exit
2024/04/12 12:43:21 [notice] 23#23: exiting
2024/04/12 12:43:21 [notice] 25#25: exiting
2024/04/12 12:43:21 [notice] 27#27: exit
2024/04/12 12:43:21 [notice] 26#26: exiting
2024/04/12 12:43:21 [notice] 28#28: exit
2024/04/12 12:43:21 [notice] 23#23: exit
2024/04/12 12:43:21 [notice] 25#25: exit
2024/04/12 12:43:21 [notice] 26#26: exit
2024/04/12 12:43:21 [notice] 1#1: signal 17 (SIGCHLD) received from 29
2024/04/12 12:43:21 [notice] 1#1: worker process 22 exited with code 0
2024/04/12 12:43:21 [notice] 1#1: worker process 23 exited with code 0
2024/04/12 12:43:21 [notice] 1#1: worker process 24 exited with code 0
2024/04/12 12:43:21 [notice] 1#1: worker process 25 exited with code 0
2024/04/12 12:43:21 [notice] 1#1: worker process 26 exited with code 0
2024/04/12 12:43:21 [notice] 1#1: worker process 27 exited with code 0
2024/04/12 12:43:21 [notice] 1#1: worker process 29 exited with code 0
2024/04/12 12:43:21 [notice] 1#1: signal 29 (SIGIO) received
2024/04/12 12:43:21 [notice] 1#1: signal 17 (SIGCHLD) received from 26
2024/04/12 12:43:21 [notice] 1#1: signal 17 (SIGCHLD) received from 28
2024/04/12 12:43:21 [notice] 1#1: worker process 28 exited with code 0
2024/04/12 12:43:21 [notice] 1#1: exit
2024/04/12 12:43:22 [notice] 1#1: using the "epoll" event method
2024/04/12 12:43:22 [notice] 1#1: nginx/1.25.4
2024/04/12 12:43:22 [notice] 1#1: built by gcc 12.2.1 20220924 (Alpine 12.2.1_git20220924-r10) 
2024/04/12 12:43:22 [notice] 1#1: OS: Linux 6.6.16-linuxkit
2024/04/12 12:43:22 [notice] 1#1: getrlimit(RLIMIT_NOFILE): 1048576:1048576
2024/04/12 12:43:22 [notice] 1#1: start worker processes
2024/04/12 12:43:22 [notice] 1#1: start worker process 22
2024/04/12 12:43:22 [notice] 1#1: start worker process 23
2024/04/12 12:43:22 [notice] 1#1: start worker process 24
2024/04/12 12:43:22 [notice] 1#1: start worker process 25
2024/04/12 12:43:22 [notice] 1#1: start worker process 26
2024/04/12 12:43:22 [notice] 1#1: start worker process 27
2024/04/12 12:43:22 [notice] 1#1: start worker process 28
2024/04/12 12:43:22 [notice] 1#1: start worker process 29
2024/04/12 12:45:13 [notice] 1#1: signal 3 (SIGQUIT) received, shutting down
2024/04/12 12:45:13 [notice] 25#25: gracefully shutting down
2024/04/12 12:45:13 [notice] 28#28: gracefully shutting down
2024/04/12 12:45:13 [notice] 22#22: gracefully shutting down
2024/04/12 12:45:13 [notice] 24#24: gracefully shutting down
2024/04/12 12:45:13 [notice] 23#23: gracefully shutting down
2024/04/12 12:45:13 [notice] 26#26: gracefully shutting down
2024/04/12 12:45:13 [notice] 29#29: gracefully shutting down
2024/04/12 12:45:13 [notice] 27#27: gracefully shutting down
2024/04/12 12:45:13 [notice] 25#25: exiting
2024/04/12 12:45:13 [notice] 28#28: exiting
2024/04/12 12:45:13 [notice] 22#22: exiting
2024/04/12 12:45:13 [notice] 24#24: exiting
2024/04/12 12:45:13 [notice] 22#22: exit
2024/04/12 12:45:13 [notice] 23#23: exiting
2024/04/12 12:45:13 [notice] 26#26: exiting
2024/04/12 12:45:13 [notice] 23#23: exit
2024/04/12 12:45:13 [notice] 29#29: exiting
2024/04/12 12:45:13 [notice] 27#27: exiting
2024/04/12 12:45:13 [notice] 25#25: exit
2024/04/12 12:45:13 [notice] 28#28: exit
2024/04/12 12:45:13 [notice] 24#24: exit
2024/04/12 12:45:13 [notice] 26#26: exit
2024/04/12 12:45:13 [notice] 29#29: exit
2024/04/12 12:45:13 [notice] 27#27: exit
2024/04/12 12:45:13 [notice] 1#1: signal 17 (SIGCHLD) received from 25
2024/04/12 12:45:13 [notice] 1#1: worker process 23 exited with code 0
2024/04/12 12:45:13 [notice] 1#1: worker process 25 exited with code 0
2024/04/12 12:45:13 [notice] 1#1: worker process 29 exited with code 0
2024/04/12 12:45:13 [notice] 1#1: signal 29 (SIGIO) received
2024/04/12 12:45:13 [notice] 1#1: signal 17 (SIGCHLD) received from 23
2024/04/12 12:45:13 [notice] 1#1: signal 17 (SIGCHLD) received from 27
2024/04/12 12:45:13 [notice] 1#1: worker process 24 exited with code 0
2024/04/12 12:45:13 [notice] 1#1: worker process 27 exited with code 0
2024/04/12 12:45:13 [notice] 1#1: signal 29 (SIGIO) received
2024/04/12 12:45:13 [notice] 1#1: signal 17 (SIGCHLD) received from 24
2024/04/12 12:45:13 [notice] 1#1: worker process 22 exited with code 0
2024/04/12 12:45:13 [notice] 1#1: worker process 26 exited with code 0
2024/04/12 12:45:13 [notice] 1#1: worker process 28 exited with code 0
2024/04/12 12:45:13 [notice] 1#1: exit
2024/04/12 12:45:14 [notice] 1#1: using the "epoll" event method
2024/04/12 12:45:14 [notice] 1#1: nginx/1.25.4
2024/04/12 12:45:14 [notice] 1#1: built by gcc 12.2.1 20220924 (Alpine 12.2.1_git20220924-r10) 
2024/04/12 12:45:14 [notice] 1#1: OS: Linux 6.6.16-linuxkit
2024/04/12 12:45:14 [notice] 1#1: getrlimit(RLIMIT_NOFILE): 1048576:1048576
2024/04/12 12:45:14 [notice] 1#1: start worker processes
2024/04/12 12:45:14 [notice] 1#1: start worker process 21
2024/04/12 12:45:14 [notice] 1#1: start worker process 22
2024/04/12 12:45:14 [notice] 1#1: start worker process 23
2024/04/12 12:45:14 [notice] 1#1: start worker process 24
2024/04/12 12:45:14 [notice] 1#1: start worker process 25
2024/04/12 12:45:14 [notice] 1#1: start worker process 26
2024/04/12 12:45:14 [notice] 1#1: start worker process 27
2024/04/12 12:45:14 [notice] 1#1: start worker process 28
2024/04/12 12:49:11 [notice] 1#1: signal 3 (SIGQUIT) received, shutting down
2024/04/12 12:49:11 [notice] 21#21: gracefully shutting down
2024/04/12 12:49:11 [notice] 22#22: gracefully shutting down
2024/04/12 12:49:11 [notice] 21#21: exiting
2024/04/12 12:49:11 [notice] 27#27: gracefully shutting down
2024/04/12 12:49:11 [notice] 24#24: gracefully shutting down
2024/04/12 12:49:11 [notice] 23#23: gracefully shutting down
2024/04/12 12:49:11 [notice] 28#28: gracefully shutting down
2024/04/12 12:49:11 [notice] 25#25: gracefully shutting down
2024/04/12 12:49:11 [notice] 26#26: gracefully shutting down
2024/04/12 12:49:11 [notice] 22#22: exiting
2024/04/12 12:49:11 [notice] 27#27: exiting
2024/04/12 12:49:11 [notice] 21#21: exit
2024/04/12 12:49:11 [notice] 27#27: exit
2024/04/12 12:49:11 [notice] 24#24: exiting
2024/04/12 12:49:11 [notice] 23#23: exiting
2024/04/12 12:49:11 [notice] 28#28: exiting
2024/04/12 12:49:11 [notice] 25#25: exiting
2024/04/12 12:49:11 [notice] 26#26: exiting
2024/04/12 12:49:11 [notice] 22#22: exit
2024/04/12 12:49:11 [notice] 24#24: exit
2024/04/12 12:49:11 [notice] 23#23: exit
2024/04/12 12:49:11 [notice] 28#28: exit
2024/04/12 12:49:11 [notice] 25#25: exit
2024/04/12 12:49:11 [notice] 26#26: exit
2024/04/12 12:49:11 [notice] 1#1: signal 17 (SIGCHLD) received from 21
2024/04/12 12:49:11 [notice] 1#1: worker process 21 exited with code 0
2024/04/12 12:49:11 [notice] 1#1: worker process 22 exited with code 0
2024/04/12 12:49:11 [notice] 1#1: worker process 23 exited with code 0
2024/04/12 12:49:11 [notice] 1#1: worker process 24 exited with code 0
2024/04/12 12:49:11 [notice] 1#1: worker process 25 exited with code 0
2024/04/12 12:49:11 [notice] 1#1: worker process 26 exited with code 0
2024/04/12 12:49:11 [notice] 1#1: worker process 27 exited with code 0
2024/04/12 12:49:11 [notice] 1#1: worker process 28 exited with code 0
2024/04/12 12:49:11 [notice] 1#1: exit
2024/04/12 12:49:12 [notice] 1#1: using the "epoll" event method
2024/04/12 12:49:12 [notice] 1#1: nginx/1.25.4
2024/04/12 12:49:12 [notice] 1#1: built by gcc 12.2.1 20220924 (Alpine 12.2.1_git20220924-r10) 
2024/04/12 12:49:12 [notice] 1#1: OS: Linux 6.6.16-linuxkit
2024/04/12 12:49:12 [notice] 1#1: getrlimit(RLIMIT_NOFILE): 1048576:1048576
2024/04/12 12:49:12 [notice] 1#1: start worker processes
2024/04/12 12:49:12 [notice] 1#1: start worker process 22
2024/04/12 12:49:12 [notice] 1#1: start worker process 23
2024/04/12 12:49:12 [notice] 1#1: start worker process 24
2024/04/12 12:49:12 [notice] 1#1: start worker process 25
2024/04/12 12:49:12 [notice] 1#1: start worker process 26
2024/04/12 12:49:12 [notice] 1#1: start worker process 27
2024/04/12 12:49:12 [notice] 1#1: start worker process 28
2024/04/12 12:49:12 [notice] 1#1: start worker process 29
2024/04/12 12:50:51 [notice] 1#1: signal 3 (SIGQUIT) received, shutting down
2024/04/12 12:50:51 [notice] 24#24: gracefully shutting down
2024/04/12 12:50:51 [notice] 22#22: gracefully shutting down
2024/04/12 12:50:51 [notice] 25#25: gracefully shutting down
2024/04/12 12:50:51 [notice] 23#23: gracefully shutting down
2024/04/12 12:50:51 [notice] 28#28: gracefully shutting down
2024/04/12 12:50:51 [notice] 27#27: gracefully shutting down
2024/04/12 12:50:51 [notice] 26#26: gracefully shutting down
2024/04/12 12:50:51 [notice] 29#29: gracefully shutting down
2024/04/12 12:50:51 [notice] 24#24: exiting
2024/04/12 12:50:51 [notice] 22#22: exiting
2024/04/12 12:50:51 [notice] 29#29: exiting
2024/04/12 12:50:51 [notice] 25#25: exiting
2024/04/12 12:50:51 [notice] 23#23: exiting
2024/04/12 12:50:51 [notice] 28#28: exiting
2024/04/12 12:50:51 [notice] 27#27: exiting
2024/04/12 12:50:51 [notice] 26#26: exiting
2024/04/12 12:50:51 [notice] 27#27: exit
2024/04/12 12:50:51 [notice] 24#24: exit
2024/04/12 12:50:51 [notice] 22#22: exit
2024/04/12 12:50:51 [notice] 29#29: exit
2024/04/12 12:50:51 [notice] 25#25: exit
2024/04/12 12:50:51 [notice] 23#23: exit
2024/04/12 12:50:51 [notice] 28#28: exit
2024/04/12 12:50:51 [notice] 26#26: exit
2024/04/12 12:50:51 [notice] 1#1: signal 17 (SIGCHLD) received from 23
2024/04/12 12:50:51 [notice] 1#1: worker process 23 exited with code 0
2024/04/12 12:50:51 [notice] 1#1: worker process 27 exited with code 0
2024/04/12 12:50:51 [notice] 1#1: worker process 29 exited with code 0
2024/04/12 12:50:51 [notice] 1#1: signal 29 (SIGIO) received
2024/04/12 12:50:51 [notice] 1#1: signal 17 (SIGCHLD) received from 29
2024/04/12 12:50:51 [notice] 1#1: signal 17 (SIGCHLD) received from 26
2024/04/12 12:50:51 [notice] 1#1: worker process 24 exited with code 0
2024/04/12 12:50:51 [notice] 1#1: worker process 26 exited with code 0
2024/04/12 12:50:51 [notice] 1#1: worker process 22 exited with code 0
2024/04/12 12:50:51 [notice] 1#1: worker process 25 exited with code 0
2024/04/12 12:50:51 [notice] 1#1: worker process 28 exited with code 0
2024/04/12 12:50:51 [notice] 1#1: exit
2024/04/12 12:50:56 [notice] 1#1: using the "epoll" event method
2024/04/12 12:50:56 [notice] 1#1: nginx/1.25.4
2024/04/12 12:50:56 [notice] 1#1: built by gcc 12.2.1 20220924 (Alpine 12.2.1_git20220924-r10) 
2024/04/12 12:50:56 [notice] 1#1: OS: Linux 6.6.16-linuxkit
2024/04/12 12:50:56 [notice] 1#1: getrlimit(RLIMIT_NOFILE): 1048576:1048576
2024/04/12 12:50:56 [notice] 1#1: start worker processes
2024/04/12 12:50:56 [notice] 1#1: start worker process 30
2024/04/12 12:50:56 [notice] 1#1: start worker process 31
2024/04/12 12:50:56 [notice] 1#1: start worker process 32
2024/04/12 12:50:56 [notice] 1#1: start worker process 33
2024/04/12 12:50:56 [notice] 1#1: start worker process 34
2024/04/12 12:50:56 [notice] 1#1: start worker process 35
2024/04/12 12:50:56 [notice] 1#1: start worker process 36
2024/04/12 12:50:56 [notice] 1#1: start worker process 37
2024/04/12 12:54:03 [notice] 1#1: signal 3 (SIGQUIT) received, shutting down
2024/04/12 12:54:03 [notice] 36#36: gracefully shutting down
2024/04/12 12:54:03 [notice] 36#36: exiting
2024/04/12 12:54:03 [notice] 32#32: gracefully shutting down
2024/04/12 12:54:03 [notice] 35#35: gracefully shutting down
2024/04/12 12:54:03 [notice] 31#31: gracefully shutting down
2024/04/12 12:54:03 [notice] 34#34: gracefully shutting down
2024/04/12 12:54:03 [notice] 30#30: gracefully shutting down
2024/04/12 12:54:03 [notice] 33#33: gracefully shutting down
2024/04/12 12:54:03 [notice] 37#37: gracefully shutting down
2024/04/12 12:54:03 [notice] 36#36: exit
2024/04/12 12:54:03 [notice] 32#32: exiting
2024/04/12 12:54:03 [notice] 35#35: exiting
2024/04/12 12:54:03 [notice] 31#31: exiting
2024/04/12 12:54:03 [notice] 34#34: exiting
2024/04/12 12:54:03 [notice] 30#30: exiting
2024/04/12 12:54:03 [notice] 33#33: exiting
2024/04/12 12:54:03 [notice] 37#37: exiting
2024/04/12 12:54:03 [notice] 32#32: exit
2024/04/12 12:54:03 [notice] 35#35: exit
2024/04/12 12:54:03 [notice] 31#31: exit
2024/04/12 12:54:03 [notice] 34#34: exit
2024/04/12 12:54:03 [notice] 30#30: exit
2024/04/12 12:54:03 [notice] 33#33: exit
2024/04/12 12:54:03 [notice] 37#37: exit
2024/04/12 12:54:03 [notice] 1#1: signal 17 (SIGCHLD) received from 36
2024/04/12 12:54:03 [notice] 1#1: worker process 30 exited with code 0
2024/04/12 12:54:03 [notice] 1#1: worker process 31 exited with code 0
2024/04/12 12:54:03 [notice] 1#1: worker process 32 exited with code 0
2024/04/12 12:54:03 [notice] 1#1: worker process 33 exited with code 0
2024/04/12 12:54:03 [notice] 1#1: worker process 35 exited with code 0
2024/04/12 12:54:03 [notice] 1#1: worker process 34 exited with code 0
2024/04/12 12:54:03 [notice] 1#1: worker process 36 exited with code 0
2024/04/12 12:54:03 [notice] 1#1: worker process 37 exited with code 0
2024/04/12 12:54:03 [notice] 1#1: exit
2024/04/12 12:54:12 [notice] 1#1: using the "epoll" event method
2024/04/12 12:54:12 [notice] 1#1: nginx/1.25.4
2024/04/12 12:54:12 [notice] 1#1: built by gcc 12.2.1 20220924 (Alpine 12.2.1_git20220924-r10) 
2024/04/12 12:54:12 [notice] 1#1: OS: Linux 6.6.16-linuxkit
2024/04/12 12:54:12 [notice] 1#1: getrlimit(RLIMIT_NOFILE): 1048576:1048576
2024/04/12 12:54:12 [notice] 1#1: start worker processes
2024/04/12 12:54:12 [notice] 1#1: start worker process 29
2024/04/12 12:54:12 [notice] 1#1: start worker process 30
2024/04/12 12:54:12 [notice] 1#1: start worker process 31
2024/04/12 12:54:12 [notice] 1#1: start worker process 32
2024/04/12 12:54:12 [notice] 1#1: start worker process 33
2024/04/12 12:54:12 [notice] 1#1: start worker process 34
2024/04/12 12:54:12 [notice] 1#1: start worker process 35
2024/04/12 12:54:12 [notice] 1#1: start worker process 36
2024/04/12 13:10:39 [notice] 1#1: signal 3 (SIGQUIT) received, shutting down
2024/04/12 13:10:39 [notice] 31#31: gracefully shutting down
2024/04/12 13:10:39 [notice] 34#34: gracefully shutting down
2024/04/12 13:10:39 [notice] 29#29: gracefully shutting down
2024/04/12 13:10:39 [notice] 32#32: gracefully shutting down
2024/04/12 13:10:39 [notice] 30#30: gracefully shutting down
2024/04/12 13:10:39 [notice] 33#33: gracefully shutting down
2024/04/12 13:10:39 [notice] 35#35: gracefully shutting down
2024/04/12 13:10:39 [notice] 36#36: gracefully shutting down
2024/04/12 13:10:39 [notice] 34#34: exiting
2024/04/12 13:10:39 [notice] 31#31: exiting
2024/04/12 13:10:39 [notice] 29#29: exiting
2024/04/12 13:10:39 [notice] 32#32: exiting
2024/04/12 13:10:39 [notice] 30#30: exiting
2024/04/12 13:10:39 [notice] 33#33: exiting
2024/04/12 13:10:39 [notice] 35#35: exiting
2024/04/12 13:10:39 [notice] 33#33: exit
2024/04/12 13:10:39 [notice] 36#36: exiting
2024/04/12 13:10:39 [notice] 31#31: exit
2024/04/12 13:10:39 [notice] 34#34: exit
2024/04/12 13:10:39 [notice] 29#29: exit
2024/04/12 13:10:39 [notice] 32#32: exit
2024/04/12 13:10:39 [notice] 30#30: exit
2024/04/12 13:10:39 [notice] 35#35: exit
2024/04/12 13:10:39 [notice] 36#36: exit
2024/04/12 13:10:39 [notice] 1#1: signal 17 (SIGCHLD) received from 30
2024/04/12 13:10:39 [notice] 1#1: worker process 30 exited with code 0
2024/04/12 13:10:39 [notice] 1#1: worker process 31 exited with code 0
2024/04/12 13:10:39 [notice] 1#1: worker process 33 exited with code 0
2024/04/12 13:10:39 [notice] 1#1: worker process 34 exited with code 0
2024/04/12 13:10:39 [notice] 1#1: worker process 35 exited with code 0
2024/04/12 13:10:39 [notice] 1#1: signal 29 (SIGIO) received
2024/04/12 13:10:39 [notice] 1#1: signal 17 (SIGCHLD) received from 34
2024/04/12 13:10:39 [notice] 1#1: signal 17 (SIGCHLD) received from 29
2024/04/12 13:10:39 [notice] 1#1: worker process 29 exited with code 0
2024/04/12 13:10:39 [notice] 1#1: worker process 32 exited with code 0
2024/04/12 13:10:39 [notice] 1#1: worker process 36 exited with code 0
2024/04/12 13:10:39 [notice] 1#1: exit
2024/04/12 13:10:40 [notice] 1#1: using the "epoll" event method
2024/04/12 13:10:40 [notice] 1#1: nginx/1.25.4
2024/04/12 13:10:40 [notice] 1#1: built by gcc 12.2.1 20220924 (Alpine 12.2.1_git20220924-r10) 
2024/04/12 13:10:40 [notice] 1#1: OS: Linux 6.6.16-linuxkit
2024/04/12 13:10:40 [notice] 1#1: getrlimit(RLIMIT_NOFILE): 1048576:1048576
2024/04/12 13:10:40 [notice] 1#1: start worker processes
2024/04/12 13:10:40 [notice] 1#1: start worker process 22
2024/04/12 13:10:40 [notice] 1#1: start worker process 23
2024/04/12 13:10:40 [notice] 1#1: start worker process 24
2024/04/12 13:10:40 [notice] 1#1: start worker process 25
2024/04/12 13:10:40 [notice] 1#1: start worker process 26
2024/04/12 13:10:40 [notice] 1#1: start worker process 27
2024/04/12 13:10:40 [notice] 1#1: start worker process 28
2024/04/12 13:10:40 [notice] 1#1: start worker process 29
2024/04/12 13:15:12 [notice] 1#1: signal 3 (SIGQUIT) received, shutting down
2024/04/12 13:15:12 [notice] 22#22: gracefully shutting down
2024/04/12 13:15:12 [notice] 26#26: gracefully shutting down
2024/04/12 13:15:12 [notice] 25#25: gracefully shutting down
2024/04/12 13:15:12 [notice] 27#27: gracefully shutting down
2024/04/12 13:15:12 [notice] 24#24: gracefully shutting down
2024/04/12 13:15:12 [notice] 28#28: gracefully shutting down
2024/04/12 13:15:12 [notice] 29#29: gracefully shutting down
2024/04/12 13:15:12 [notice] 23#23: gracefully shutting down
2024/04/12 13:15:12 [notice] 26#26: exiting
2024/04/12 13:15:12 [notice] 22#22: exiting
2024/04/12 13:15:12 [notice] 25#25: exiting
2024/04/12 13:15:12 [notice] 27#27: exiting
2024/04/12 13:15:12 [notice] 24#24: exiting
2024/04/12 13:15:12 [notice] 27#27: exit
2024/04/12 13:15:12 [notice] 28#28: exiting
2024/04/12 13:15:12 [notice] 29#29: exiting
2024/04/12 13:15:12 [notice] 23#23: exiting
2024/04/12 13:15:12 [notice] 26#26: exit
2024/04/12 13:15:12 [notice] 22#22: exit
2024/04/12 13:15:12 [notice] 25#25: exit
2024/04/12 13:15:12 [notice] 24#24: exit
2024/04/12 13:15:12 [notice] 28#28: exit
2024/04/12 13:15:12 [notice] 29#29: exit
2024/04/12 13:15:12 [notice] 23#23: exit
2024/04/12 13:15:12 [notice] 1#1: signal 17 (SIGCHLD) received from 22
2024/04/12 13:15:12 [notice] 1#1: worker process 22 exited with code 0
2024/04/12 13:15:12 [notice] 1#1: worker process 23 exited with code 0
2024/04/12 13:15:12 [notice] 1#1: worker process 24 exited with code 0
2024/04/12 13:15:12 [notice] 1#1: worker process 25 exited with code 0
2024/04/12 13:15:12 [notice] 1#1: worker process 26 exited with code 0
2024/04/12 13:15:12 [notice] 1#1: worker process 27 exited with code 0
2024/04/12 13:15:12 [notice] 1#1: worker process 28 exited with code 0
2024/04/12 13:15:12 [notice] 1#1: worker process 29 exited with code 0
2024/04/12 13:15:12 [notice] 1#1: exit
2024/04/12 13:15:13 [notice] 1#1: using the "epoll" event method
2024/04/12 13:15:13 [notice] 1#1: nginx/1.25.4
2024/04/12 13:15:13 [notice] 1#1: built by gcc 12.2.1 20220924 (Alpine 12.2.1_git20220924-r10) 
2024/04/12 13:15:13 [notice] 1#1: OS: Linux 6.6.16-linuxkit
2024/04/12 13:15:13 [notice] 1#1: getrlimit(RLIMIT_NOFILE): 1048576:1048576
2024/04/12 13:15:13 [notice] 1#1: start worker processes
2024/04/12 13:15:13 [notice] 1#1: start worker process 22
2024/04/12 13:15:13 [notice] 1#1: start worker process 23
2024/04/12 13:15:13 [notice] 1#1: start worker process 24
2024/04/12 13:15:13 [notice] 1#1: start worker process 25
2024/04/12 13:15:13 [notice] 1#1: start worker process 26
2024/04/12 13:15:13 [notice] 1#1: start worker process 27
2024/04/12 13:15:13 [notice] 1#1: start worker process 28
2024/04/12 13:15:13 [notice] 1#1: start worker process 29
2024/04/13 14:50:29 [notice] 1#1: signal 3 (SIGQUIT) received, shutting down
2024/04/13 14:50:29 [notice] 22#22: gracefully shutting down
2024/04/13 14:50:29 [notice] 23#23: gracefully shutting down
2024/04/13 14:50:29 [notice] 24#24: gracefully shutting down
2024/04/13 14:50:29 [notice] 25#25: gracefully shutting down
2024/04/13 14:50:29 [notice] 27#27: gracefully shutting down
2024/04/13 14:50:29 [notice] 29#29: gracefully shutting down
2024/04/13 14:50:29 [notice] 26#26: gracefully shutting down
2024/04/13 14:50:29 [notice] 28#28: gracefully shutting down
2024/04/13 14:50:29 [notice] 26#26: exiting
2024/04/13 14:50:29 [notice] 22#22: exiting
2024/04/13 14:50:29 [notice] 23#23: exiting
2024/04/13 14:50:29 [notice] 24#24: exiting
2024/04/13 14:50:29 [notice] 25#25: exiting
2024/04/13 14:50:29 [notice] 27#27: exiting
2024/04/13 14:50:29 [notice] 29#29: exiting
2024/04/13 14:50:29 [notice] 28#28: exiting
2024/04/13 14:50:29 [notice] 26#26: exit
2024/04/13 14:50:29 [notice] 22#22: exit
2024/04/13 14:50:29 [notice] 23#23: exit
2024/04/13 14:50:29 [notice] 24#24: exit
2024/04/13 14:50:29 [notice] 25#25: exit
2024/04/13 14:50:29 [notice] 27#27: exit
2024/04/13 14:50:29 [notice] 29#29: exit
2024/04/13 14:50:29 [notice] 28#28: exit
2024/04/13 14:50:30 [notice] 1#1: signal 17 (SIGCHLD) received from 26
2024/04/13 14:50:30 [notice] 1#1: worker process 26 exited with code 0
2024/04/13 14:50:30 [notice] 1#1: signal 29 (SIGIO) received
2024/04/13 14:50:30 [notice] 1#1: signal 17 (SIGCHLD) received from 22
2024/04/13 14:50:30 [notice] 1#1: worker process 22 exited with code 0
2024/04/13 14:50:30 [notice] 1#1: worker process 23 exited with code 0
2024/04/13 14:50:30 [notice] 1#1: worker process 24 exited with code 0
2024/04/13 14:50:30 [notice] 1#1: worker process 25 exited with code 0
2024/04/13 14:50:30 [notice] 1#1: worker process 27 exited with code 0
2024/04/13 14:50:30 [notice] 1#1: worker process 28 exited with code 0
2024/04/13 14:50:30 [notice] 1#1: worker process 29 exited with code 0
2024/04/13 14:50:30 [notice] 1#1: exit
2024/04/15 23:07:47 [emerg] 1#1: open() "/etc/letsencrypt/options-ssl-nginx.conf" failed (2: No such file or directory) in /etc/nginx/nginx.conf:41
